  0:00 ------------------------------------------------------------
  0:00 InitGame: \_Admin\|RS|Crazy\_Location\France\_Website\www.clan-rs.co.uk\fs_game\mods/code\g_compassShowEnemies\0\g_gametype\war\gamename\Call of Duty 4\mapname\mp_crash\protocol\6\shortversion\1.7\sv_allowAnonymous\0\sv_disableClientConsole\0\sv_floodprotect\4\sv_hostname\^1|RS|^2Promodlive S&D\sv_maxclients\32\sv_maxPing\500\sv_maxRate\25000\sv_minPing\0\sv_privateClients\0\sv_punkbuster\0\sv_pure\1\sv_voice\0\ui_maxclients\32
  0:01 J;;0;test
  4:23 ShutdownGame:
  4:23 ------------------------------------------------------------
  0:00 ------------------------------------------------------------
  0:00 InitGame: \_Admin\|RS|Crazy\_Location\France\_Website\www.clan-rs.co.uk\fs_game\mods/code\g_compassShowEnemies\0\g_gametype\war\gamename\Call of Duty 4\mapname\mp_crash\protocol\6\shortversion\1.7\sv_allowAnonymous\0\sv_disableClientConsole\0\sv_floodprotect\4\sv_hostname\^1|RS|^2Promodlive S&D\sv_maxclients\32\sv_maxPing\0\sv_maxRate\25000\sv_minPing\0\sv_privateClients\0\sv_punkbuster\0\sv_pure\1\sv_voice\0\ui_maxclients\32
  0:00 ShutdownGame:
  0:00 ------------------------------------------------------------
  0:00 ------------------------------------------------------------
  0:00 InitGame: \_Admin\|RS|Crazy\_Location\France\_Website\www.clan-rs.co.uk\fs_game\mods/code\g_compassShowEnemies\0\g_gametype\war\gamename\Call of Duty 4\mapname\mp_crash\protocol\6\shortversion\1.7\sv_allowAnonymous\0\sv_disableClientConsole\0\sv_floodprotect\4\sv_hostname\^1|RS|^2Promodlive S&D\sv_maxclients\32\sv_maxPing\0\sv_maxRate\25000\sv_minPing\0\sv_privateClients\0\sv_punkbuster\0\sv_pure\1\sv_voice\0\ui_maxclients\32
  0:00 ShutdownGame:
  0:00 ------------------------------------------------------------
  0:00 ------------------------------------------------------------
  0:00 InitGame: \_Admin\|RS|Crazy\_Location\France\_Website\www.clan-rs.co.uk\fs_game\mods/code\g_compassShowEnemies\0\g_gametype\war\gamename\Call of Duty 4\mapname\mp_crash\protocol\6\shortversion\1.7\sv_allowAnonymous\0\sv_disableClientConsole\0\sv_floodprotect\4\sv_hostname\^1|RS|^2Promodlive S&D\sv_maxclients\32\sv_maxPing\0\sv_maxRate\25000\sv_minPing\0\sv_privateClients\0\sv_punkbuster\0\sv_pure\1\sv_voice\0\ui_maxclients\32
  0:00 ShutdownGame:
  0:00 ------------------------------------------------------------
  0:00 ------------------------------------------------------------
  0:00 InitGame: \_Admin\|RS|Crazy\_Location\France\_Website\www.clan-rs.co.uk\fs_game\mods/code\g_compassShowEnemies\0\g_gametype\war\gamename\Call of Duty 4\mapname\mp_crash\protocol\6\shortversion\1.7\sv_allowAnonymous\0\sv_disableClientConsole\0\sv_floodprotect\4\sv_hostname\^1|RS|^2Promodlive S&D\sv_maxclients\32\sv_maxPing\0\sv_maxRate\25000\sv_minPing\0\sv_privateClients\0\sv_punkbuster\0\sv_pure\1\sv_voice\0\ui_maxclients\32
  0:00 ShutdownGame:
  0:00 ------------------------------------------------------------
  0:00 ------------------------------------------------------------
  0:00 InitGame: \_Admin\|RS|Crazy\_Location\France\_Website\www.clan-rs.co.uk\fs_game\mods/code\g_compassShowEnemies\0\g_gametype\war\gamename\Call of Duty 4\mapname\mp_crash\protocol\6\shortversion\1.7\sv_allowAnonymous\0\sv_disableClientConsole\0\sv_floodprotect\4\sv_hostname\^1|RS|^2Promodlive S&D\sv_maxclients\32\sv_maxPing\0\sv_maxRate\25000\sv_minPing\0\sv_privateClients\0\sv_punkbuster\0\sv_pure\1\sv_voice\0\ui_maxclients\32
  0:09 ShutdownGame:
  0:09 ------------------------------------------------------------
  0:00 ------------------------------------------------------------
  0:00 InitGame: \_Admin\|RS|Crazy\_Location\France\_Website\www.clan-rs.co.uk\fs_game\mods/code\g_compassShowEnemies\0\g_gametype\war\gamename\Call of Duty 4\mapname\mp_crash\protocol\6\shortversion\1.7\sv_allowAnonymous\0\sv_disableClientConsole\0\sv_floodprotect\4\sv_hostname\^1|RS|^2Promodlive S&D\sv_maxclients\32\sv_maxPing\0\sv_maxRate\25000\sv_minPing\0\sv_privateClients\0\sv_punkbuster\0\sv_pure\1\sv_voice\0\ui_maxclients\32
  0:01 J;;0;test
  0:09 ShutdownGame:
  0:09 ------------------------------------------------------------
  0:00 ------------------------------------------------------------
  0:00 InitGame: \_Admin\|RS|Crazy\_Location\France\_Website\www.clan-rs.co.uk\fs_game\mods/code\g_compassShowEnemies\0\g_gametype\war\gamename\Call of Duty 4\mapname\mp_crash\protocol\6\shortversion\1.7\sv_allowAnonymous\0\sv_disableClientConsole\0\sv_floodprotect\4\sv_hostname\^1|RS|^2Promodlive S&D\sv_maxclients\32\sv_maxPing\0\sv_maxRate\25000\sv_minPing\0\sv_privateClients\0\sv_punkbuster\0\sv_pure\1\sv_voice\0\ui_maxclients\32
  0:00 ShutdownGame:
  0:00 ------------------------------------------------------------
  0:00 ------------------------------------------------------------
  0:00 InitGame: \_Admin\|RS|Crazy\_Location\France\_Website\www.clan-rs.co.uk\fs_game\mods/code\g_compassShowEnemies\0\g_gametype\war\gamename\Call of Duty 4\mapname\mp_crash\protocol\6\shortversion\1.7\sv_allowAnonymous\0\sv_disableClientConsole\0\sv_floodprotect\4\sv_hostname\^1|RS|^2Promodlive S&D\sv_maxclients\32\sv_maxPing\0\sv_maxRate\25000\sv_minPing\0\sv_privateClients\0\sv_punkbuster\0\sv_pure\1\sv_voice\0\ui_maxclients\32
  0:06 ShutdownGame:
  0:06 ------------------------------------------------------------
  0:00 ------------------------------------------------------------
  0:00 InitGame: \_Admin\|RS|Crazy\_Location\France\_Website\www.clan-rs.co.uk\fs_game\mods/code\g_compassShowEnemies\0\g_gametype\war\gamename\Call of Duty 4\mapname\mp_crash\protocol\6\shortversion\1.7\sv_allowAnonymous\0\sv_disableClientConsole\0\sv_floodprotect\4\sv_hostname\^1|RS|^2Promodlive S&D\sv_maxclients\32\sv_maxPing\0\sv_maxRate\25000\sv_minPing\0\sv_privateClients\0\sv_punkbuster\0\sv_pure\1\sv_voice\0\ui_maxclients\32
  0:23 J;88daccf23378c56bfaa103400a416e0f;0;test
  1:00 Q;88daccf23378c56bfaa103400a416e0f;0;test
  1:51 ShutdownGame:
  1:51 ------------------------------------------------------------
  0:00 ------------------------------------------------------------
  0:00 InitGame: \_Admin\|RS|Crazy\_Location\France\_Website\www.clan-rs.co.uk\fs_game\mods/code\g_compassShowEnemies\0\g_gametype\war\gamename\Call of Duty 4\mapname\mp_crash\protocol\6\shortversion\1.7\sv_allowAnonymous\0\sv_disableClientConsole\0\sv_floodprotect\4\sv_hostname\^1|RS|^2Promodlive S&D\sv_maxclients\32\sv_maxPing\0\sv_maxRate\25000\sv_minPing\0\sv_privateClients\0\sv_punkbuster\0\sv_pure\1\sv_voice\0\ui_maxclients\32
  0:20 J;88daccf23378c56bfaa103400a416e0f;0;test
  0:40 Q;88daccf23378c56bfaa103400a416e0f;0;test
  0:00 ------------------------------------------------------------
  0:00 InitGame: \_Admin\|RS|Crazy\_Location\France\_Website\www.clan-rs.co.uk\fs_game\mods/code\g_compassShowEnemies\0\g_gametype\war\gamename\Call of Duty 4\mapname\mp_crash\protocol\6\shortversion\1.7\sv_allowAnonymous\0\sv_disableClientConsole\0\sv_floodprotect\4\sv_hostname\^1|RS|^2Promodlive S&D\sv_maxclients\32\sv_maxPing\0\sv_maxRate\25000\sv_minPing\0\sv_privateClients\0\sv_punkbuster\0\sv_pure\1\sv_voice\0\ui_maxclients\32
  0:04 ShutdownGame:
  0:04 ------------------------------------------------------------
  0:00 ------------------------------------------------------------
  0:00 InitGame: \_Admin\|RS|Crazy\_Location\France\_Website\www.clan-rs.co.uk\fs_game\mods/code\g_compassShowEnemies\0\g_gametype\war\gamename\Call of Duty 4\mapname\mp_crash\protocol\6\shortversion\1.7\sv_allowAnonymous\0\sv_disableClientConsole\0\sv_floodprotect\4\sv_hostname\^1|RS|^2Promodlive S&D\sv_maxclients\32\sv_maxPing\0\sv_maxRate\25000\sv_minPing\0\sv_privateClients\0\sv_punkbuster\0\sv_pure\1\sv_voice\0\ui_maxclients\32
  0:01 J;;0;test
  0:19 ShutdownGame:
  0:19 ------------------------------------------------------------
  5:45 ShutdownGame:
  5:45 ------------------------------------------------------------
  0:00 ------------------------------------------------------------
  0:00 InitGame: \_Admin\|RS|Crazy\_Location\France\_Website\www.clan-rs.co.uk\fs_game\mods/code\g_compassShowEnemies\0\g_gametype\war\gamename\Call of Duty 4\mapname\mp_crash\protocol\6\shortversion\1.7\sv_allowAnonymous\0\sv_disableClientConsole\0\sv_floodprotect\4\sv_hostname\^1|RS|^2Promodlive S&D\sv_maxclients\32\sv_maxPing\0\sv_maxRate\25000\sv_minPing\0\sv_privateClients\0\sv_punkbuster\0\sv_pure\1\sv_voice\0\ui_maxclients\32
  0:00 ShutdownGame:
  0:00 ------------------------------------------------------------
  0:00 ------------------------------------------------------------
  0:00 InitGame: \_Admin\|RS|Crazy\_Location\France\_Website\www.clan-rs.co.uk\fs_game\mods/code\g_compassShowEnemies\0\g_gametype\war\gamename\Call of Duty 4\mapname\mp_crash\protocol\6\shortversion\1.7\sv_allowAnonymous\0\sv_disableClientConsole\0\sv_floodprotect\4\sv_hostname\^1|RS|^2Promodlive S&D\sv_maxclients\32\sv_maxPing\0\sv_maxRate\25000\sv_minPing\0\sv_privateClients\0\sv_punkbuster\0\sv_pure\1\sv_voice\0\ui_maxclients\32
  0:01 J;;0;test
  0:16 ShutdownGame:
  0:16 ------------------------------------------------------------
  0:00 ------------------------------------------------------------
  0:00 InitGame: \_Admin\|RS|Crazy\_Location\France\_Website\www.clan-rs.co.uk\fs_game\mods/code\g_compassShowEnemies\0\g_gametype\war\gamename\Call of Duty 4\mapname\mp_crossfire\protocol\6\shortversion\1.7\sv_allowAnonymous\0\sv_disableClientConsole\0\sv_floodprotect\4\sv_hostname\^1|RS|^2Promodlive S&D\sv_maxclients\32\sv_maxPing\0\sv_maxRate\25000\sv_minPing\0\sv_privateClients\0\sv_punkbuster\0\sv_pure\1\sv_voice\0\ui_maxclients\32
  0:01 J;;0;test
  0:07 ShutdownGame:
  0:07 ------------------------------------------------------------
